<?xml version="1.0" encoding="UTF-8"?>
<!-- Generated by org.testng.reporters.JUnitReportReporter -->
<testsuite hostname="DESKTOP-5H03LNI" name="testcase.EarPod" tests="1" failures="0" timestamp="8 Jul 2022 19:33:31 GMT" time="89.178" errors="0">
  <testcase name="GetOrderId" time="89.178" classname="testcase.EarPod"/>
</testsuite> <!-- testcase.EarPod -->
